mode: set
github.com/andrewgun95/Simple-Math/mymath/math.go:10.36,13.22 3 1
github.com/andrewgun95/Simple-Math/mymath/math.go:16.2,16.23 1 1
github.com/andrewgun95/Simple-Math/mymath/math.go:13.22,15.3 1 1
github.com/andrewgun95/Simple-Math/mymath/math.go:20.27,22.22 2 1
github.com/andrewgun95/Simple-Math/mymath/math.go:27.2,27.12 1 1
github.com/andrewgun95/Simple-Math/mymath/math.go:22.22,23.14 1 1
github.com/andrewgun95/Simple-Math/mymath/math.go:23.14,25.4 1 1
github.com/andrewgun95/Simple-Math/mymath/math.go:33.27,35.22 2 1
github.com/andrewgun95/Simple-Math/mymath/math.go:40.2,40.12 1 1
github.com/andrewgun95/Simple-Math/mymath/math.go:35.22,36.14 1 1
github.com/andrewgun95/Simple-Math/mymath/math.go:36.14,38.4 1 1
github.com/andrewgun95/Simple-Math/mymath/math.go:44.32,46.22 2 0
github.com/andrewgun95/Simple-Math/mymath/math.go:49.2,49.10 1 0
github.com/andrewgun95/Simple-Math/mymath/math.go:46.22,48.3 1 0
github.com/andrewgun95/Simple-Math/mymath/math.go:55.25,57.2 1 0
github.com/andrewgun95/Simple-Math/mymath/math.go:65.37,69.2 3 1
github.com/andrewgun95/Simple-Math/mymath/math.go:72.44,74.2 1 1
github.com/andrewgun95/Simple-Math/mymath/math.go:77.34,84.2 5 1
github.com/andrewgun95/Simple-Math/mymath/math.go:87.34,89.2 1 1
